[
  {
    "Plan": {
      "Node Type": "Aggregate",
      "Strategy": "Hashed",
      "Partial Mode": "Simple",
      "Parallel Aware": false,
      "Startup Cost": 138.12,
      "Total Cost": 170.00,
      "Plan Rows": 3188,
      "Plan Width": 4,
      "Actual Startup Time": 2.288,
      "Actual Total Time": 2.719,
      "Actual Rows": 3200,
      "Actual Loops": 1,
      "Output": ["pg_class.oid"],
      "Group Key": ["pg_class.oid"],
      "Plans": [
        {
          "Node Type": "Append",
          "Parent Relationship": "Outer",
          "Parallel Aware": false,
          "Startup Cost": 0.00,
          "Total Cost": 130.16,
          "Plan Rows": 3188,
          "Plan Width": 4,
          "Actual Startup Time": 0.013,
          "Actual Total Time": 1.428,
          "Actual Rows": 3200,
          "Actual Loops": 1,
          "Plans": [
            {
              "Node Type": "Seq Scan",
              "Parent Relationship": "Member",
              "Parallel Aware": false,
              "Relation Name": "pg_class",
              "Schema": "pg_catalog",
              "Alias": "pg_class",
              "Startup Cost": 0.00,
              "Total Cost": 14.63,
              "Plan Rows": 363,
              "Plan Width": 4,
              "Actual Startup Time": 0.012,
              "Actual Total Time": 0.137,
              "Actual Rows": 373,
              "Actual Loops": 1,
              "Output": ["pg_class.oid"]
            },
            {
              "Node Type": "Index Only Scan",
              "Parent Relationship": "Member",
              "Parallel Aware": false,
              "Scan Direction": "Forward",
              "Index Name": "pg_proc_oid_index",
              "Relation Name": "pg_proc",
              "Schema": "pg_catalog",
              "Alias": "pg_proc",
              "Startup Cost": 0.28,
              "Total Cost": 82.62,
              "Plan Rows": 2823,
              "Plan Width": 4,
              "Actual Startup Time": 0.252,
              "Actual Total Time": 0.890,
              "Actual Rows": 2823,
              "Actual Loops": 1,
              "Output": ["pg_proc.oid"],
              "Heap Fetches": 0
            },
            {
              "Node Type": "Seq Scan",
              "Parent Relationship": "Member",
              "Parallel Aware": false,
              "Relation Name": "pg_database",
              "Schema": "pg_catalog",
              "Alias": "pg_database",
              "Startup Cost": 0.00,
              "Total Cost": 1.02,
              "Plan Rows": 2,
              "Plan Width": 4,
              "Actual Startup Time": 0.005,
              "Actual Total Time": 0.007,
              "Actual Rows": 4,
              "Actual Loops": 1,
              "Output": ["pg_database.oid"]
            }
          ]
        }
      ]
    },
    "Planning Time": 4.365,
    "Triggers": [
    ],
    "Execution Time": 3.748
  }
]
