[
   {
     "Plan": {
       "Node Type": "Group",
       "Parallel Aware": false,
       "Startup Cost": 0.43,
       "Total Cost": 37275.44,
       "Plan Rows": 1100001,
       "Plan Width": 16,
       "Actual Startup Time": 0.126,
       "Actual Total Time": 667.250,
       "Actual Rows": 1100001,
       "Actual Loops": 1,
       "Output": ["id", "i", "j", "h"],
       "Group Key": ["test3.id"],
       "Plans": [
         {
           "Node Type": "Index Scan",
           "Parent Relationship": "Outer",
           "Parallel Aware": false,
           "Scan Direction": "Forward",
           "Index Name": "test3_id_idx",
           "Relation Name": "test3",
           "Schema": "public",
           "Alias": "test3",
           "Startup Cost": 0.43,
           "Total Cost": 34525.44,
           "Plan Rows": 1100001,
           "Plan Width": 16,
           "Actual Startup Time": 0.123,
           "Actual Total Time": 381.067,
           "Actual Rows": 1100001,
           "Actual Loops": 1,
           "Output": ["id", "i", "j", "h"]
         }
       ]
     },
     "Planning Time": 0.472,
     "Triggers": [
     ],
     "Execution Time": 732.237
   }
]