[
   {
     "Plan": {
       "Operation": "Insert",
       "Parallel Aware": false,
       "Relation Name": "test",
       "Schema": "public",
       "Alias": "test",
       "Startup Cost": 0.00,
       "Total Cost": 0.01,
       "Plan Rows": 1,
       "Plan Width": 62,
       "Actual Startup Time": 0.059,
       "Actual Total Time": 0.059,
       "Actual Rows": 0,
       "Actual Loops": 1,
       "Plans": [
         {
           "Node Type": "Result",
           "Parent Relationship": "Member",
           "Parallel Aware": false,
           "Startup Cost": 0.00,
           "Total Cost": 0.01,
           "Plan Rows": 1,
           "Plan Width": 62,
           "Actual Startup Time": 0.001,
           "Actual Total Time": 0.001,
           "Actual Rows": 1,
           "Actual Loops": 1,
           "Output": ["6", "'F'::character varying(20)"]
         }
       ]
     },
     "Planning Time": 0.062,
     "Triggers": [
     ],
     "Execution Time": 0.111
   }
]