[
  {
    "Plan": {
      "Node Type": "Limit",
      "Parallel Aware": false,
      "Startup Cost": 0.00,
      "Total Cost": 0.13,
      "Plan Rows": 5,
      "Plan Width": 90,
      "Actual Startup Time": 0.012,
      "Actual Total Time": 0.015,
      "Actual Rows": 5,
      "Actual Loops": 1,
      "Plans": [
        {
          "Node Type": "Seq Scan",
          "Parent Relationship": "Outer",
          "Parallel Aware": false,
          "Relation Name": "book",
          "Alias": "book",
          "Startup Cost": 0.00,
          "Total Cost": 86.37,
          "Plan Rows": 3437,
          "Plan Width": 90,
          "Actual Startup Time": 0.011,
          "Actual Total Time": 0.011,
          "Actual Rows": 5,
          "Actual Loops": 1
        }
      ]
    },
    "Planning Time": 0.369,
    "Triggers": [
    ],
    "Execution Time": 0.055
  }
]
