[
   {
     "Plan": {
       "Node Type": "Limit",
       "Parallel Aware": false,
       "Startup Cost": 3.66,
       "Total Cost": 3.72,
       "Plan Rows": 3,
       "Plan Width": 4,
       "Actual Startup Time": 0.041,
       "Actual Total Time": 0.043,
       "Actual Rows": 5,
       "Actual Loops": 1,
       "Output": ["w.n"],
       "Plans": [
         {
           "Node Type": "Recursive Union",
           "Parent Relationship": "InitPlan",
           "Subplan Name": "CTE w",
           "Parallel Aware": false,
           "Startup Cost": 0.00,
           "Total Cost": 2.95,
           "Plan Rows": 31,
           "Plan Width": 4,
           "Actual Startup Time": 0.003,
           "Actual Total Time": 0.024,
           "Actual Rows": 5,
           "Actual Loops": 1,
           "Plans": [
             {
               "Node Type": "Result",
               "Parent Relationship": "Outer",
               "Parallel Aware": false,
               "Startup Cost": 0.00,
               "Total Cost": 0.01,
               "Plan Rows": 1,
               "Plan Width": 4,
               "Actual Startup Time": 0.001,
               "Actual Total Time": 0.001,
               "Actual Rows": 1,
               "Actual Loops": 1,
               "Output": ["1"]
             },
             {
               "Node Type": "WorkTable Scan",
               "Parent Relationship": "Inner",
               "Parallel Aware": false,
               "CTE Name": "w",
               "Alias": "w_1",
               "Startup Cost": 0.00,
               "Total Cost": 0.23,
               "Plan Rows": 3,
               "Plan Width": 4,
               "Actual Startup Time": 0.002,
               "Actual Total Time": 0.002,
               "Actual Rows": 1,
               "Actual Loops": 5,
               "Output": ["(w_1.n 1)"],
               "Filter": "(w_1.n < 5)",
               "Rows Removed by Filter": 0
             }
           ]
         },
         {
           "Node Type": "Aggregate",
           "Strategy": "Plain",
           "Partial Mode": "Simple",
           "Parent Relationship": "InitPlan",
           "Subplan Name": "InitPlan 2 (returns $2)",
           "Parallel Aware": false,
           "Startup Cost": 0.70,
           "Total Cost": 0.71,
           "Plan Rows": 1,
           "Plan Width": 8,
           "Actual Startup Time": 0.037,
           "Actual Total Time": 0.037,
           "Actual Rows": 1,
           "Actual Loops": 1,
           "Output": ["count(*)"],
           "Plans": [
             {
               "Node Type": "CTE Scan",
               "Parent Relationship": "Outer",
               "Parallel Aware": false,
               "CTE Name": "w",
               "Alias": "w_2",
               "Startup Cost": 0.00,
               "Total Cost": 0.62,
               "Plan Rows": 31,
               "Plan Width": 0,
               "Actual Startup Time": 0.005,
               "Actual Total Time": 0.030,
               "Actual Rows": 5,
               "Actual Loops": 1,
               "Output": ["w_2.n"]
             }
           ]
         },
         {
           "Node Type": "CTE Scan",
           "Parent Relationship": "Outer",
           "Parallel Aware": false,
           "CTE Name": "w",
           "Alias": "w",
           "Startup Cost": 0.00,
           "Total Cost": 0.62,
           "Plan Rows": 31,
           "Plan Width": 4,
           "Actual Startup Time": 0.001,
           "Actual Total Time": 0.001,
           "Actual Rows": 5,
           "Actual Loops": 1,
           "Output": ["w.n"]
         }
       ]
     },
     "Planning Time": 4.463,
     "Triggers": [
     ],
     "Execution Time": 0.383
   }
]