[
  {
    "Plan": {
      "Startup Cost": 4888631.92,
      "Plans": [
        {
          "Startup Cost": 4888631.92,
          "Plans": [
            {
              "Hash Cond": "(pa.author_name = \"ANY_subquery\".author_name)",
              "Startup Cost": 4783759.95,
              "Plans": [
                {
                  "Startup Cost": 3267495.37,
                  "Plans": [
                    {
                      "Startup Cost": 2936300.49,
                      "Plans": [
                        {
                          "Startup Cost": 1419038.75,
                          "Plans": [
                            {
                              "Hash Cond": "(aed.author_id = a.author_id)",
                              "Startup Cost": 110146.56,
                              "Plans": [
                                {
                                  "Hash Cond": "(aed.pub_id = pb.pub_id)",
                                  "Startup Cost": 41141.01,
                                  "Plans": [
                                    {
                                      "Startup Cost": 0,
                                      "Plan Width": 8,
                                      "Node Type": "Seq Scan",
                                      "Plan Rows": 11318457,
                                      "Relation Name": "authored",
                                      "Alias": "aed",
                                      "Parallel Aware": false,
                                      "Output": [
                                        "aed.pub_id",
                                        "aed.author_id"
                                      ],
                                      "Parent Relationship": "Outer",
                                      "Total Cost": 210798.57,
                                      "Schema": "public"
                                    },
                                    {
                                      "Startup Cost": 25224.57,
                                      "Plans": [
                                        {
                                          "Startup Cost": 0,
                                          "Plans": [
                                            {
                                              "Startup Cost": 0,
                                              "Plan Width": 4,
                                              "Node Type": "Seq Scan",
                                              "Plan Rows": 1,
                                              "Relation Name": "publication",
                                              "Alias": "pb",
                                              "Parallel Aware": false,
                                              "Output": [
                                                "pb.pub_id"
                                              ],
                                              "Parent Relationship": "Member",
                                              "Total Cost": 0,
                                              "Schema": "public"
                                            },
                                            {
                                              "Startup Cost": 0,
                                              "Plan Width": 4,
                                              "Node Type": "Seq Scan",
                                              "Plan Rows": 3302,
                                              "Relation Name": "book",
                                              "Alias": "pb_1",
                                              "Parallel Aware": false,
                                              "Output": [
                                                "pb_1.pub_id"
                                              ],
                                              "Parent Relationship": "Member",
                                              "Total Cost": 85.02,
                                              "Schema": "public"
                                            },
                                            {
                                              "Startup Cost": 0,
                                              "Plan Width": 4,
                                              "Node Type": "Seq Scan",
                                              "Plan Rows": 11007,
                                              "Relation Name": "incollection",
                                              "Alias": "pb_2",
                                              "Parallel Aware": false,
                                              "Output": [
                                                "pb_2.pub_id"
                                              ],
                                              "Parent Relationship": "Member",
                                              "Total Cost": 264.07,
                                              "Schema": "public"
                                            },
                                            {
                                              "Startup Cost": 0,
                                              "Plan Width": 4,
                                              "Node Type": "Seq Scan",
                                              "Plan Rows": 2,
                                              "Relation Name": "masters_thesis",
                                              "Alias": "pb_3",
                                              "Parallel Aware": false,
                                              "Output": [
                                                "pb_3.pub_id"
                                              ],
                                              "Parent Relationship": "Member",
                                              "Total Cost": 1.02,
                                              "Schema": "public"
                                            },
                                            {
                                              "Startup Cost": 0.29,
                                              "Scan Direction": "Forward",
                                              "Plan Width": 4,
                                              "Node Type": "Index Only Scan",
                                              "Total Cost": 407.24,
                                              "Plan Rows": 15130,
                                              "Relation Name": "phd_thesis",
                                              "Alias": "pb_4",
                                              "Parallel Aware": false,
                                              "Output": [
                                                "pb_4.pub_id"
                                              ],
                                              "Parent Relationship": "Member",
                                              "Schema": "public",
                                              "Index Name": "temp_phd_thesis_pkey1"
                                            },
                                            {
                                              "Startup Cost": 0.29,
                                              "Scan Direction": "Forward",
                                              "Plan Width": 4,
                                              "Node Type": "Index Only Scan",
                                              "Total Cost": 230.44,
                                              "Plan Rows": 8410,
                                              "Relation Name": "proceedings",
                                              "Alias": "pb_5",
                                              "Parallel Aware": false,
                                              "Output": [
                                                "pb_5.pub_id"
                                              ],
                                              "Parent Relationship": "Member",
                                              "Schema": "public",
                                              "Index Name": "temp_proceedings_pkey1"
                                            },
                                            {
                                              "Startup Cost": 0.42,
                                              "Scan Direction": "Forward",
                                              "Plan Width": 4,
                                              "Node Type": "Index Only Scan",
                                              "Total Cost": 13239.25,
                                              "Plan Rows": 509255,
                                              "Relation Name": "inproceedings",
                                              "Alias": "pb_6",
                                              "Parallel Aware": false,
                                              "Output": [
                                                "pb_6.pub_id"
                                              ],
                                              "Parent Relationship": "Member",
                                              "Schema": "public",
                                              "Index Name": "temp_inproceedings_pkey1"
                                            },
                                            {
                                              "Startup Cost": 0.42,
                                              "Scan Direction": "Forward",
                                              "Plan Width": 4,
                                              "Node Type": "Index Only Scan",
                                              "Total Cost": 10997.54,
                                              "Plan Rows": 423008,
                                              "Relation Name": "article",
                                              "Alias": "pb_7",
                                              "Parallel Aware": false,
                                              "Output": [
                                                "pb_7.pub_id"
                                              ],
                                              "Parent Relationship": "Member",
                                              "Schema": "public",
                                              "Index Name": "temp_article_pkey1"
                                            }
                                          ],
                                          "Node Type": "Append",
                                          "Plan Rows": 970115,
                                          "Parallel Aware": false,
                                          "Parent Relationship": "Outer",
                                          "Plan Width": 4,
                                          "Total Cost": 25224.57
                                        }
                                      ],
                                      "Node Type": "Hash",
                                      "Plan Rows": 970115,
                                      "Parallel Aware": false,
                                      "Output": [
                                        "pb.pub_id"
                                      ],
                                      "Parent Relationship": "Inner",
                                      "Plan Width": 4,
                                      "Total Cost": 25224.57
                                    }
                                  ],
                                  "Node Type": "Hash Join",
                                  "Plan Rows": 4496327,
                                  "Join Type": "Inner",
                                  "Parallel Aware": false,
                                  "Output": [
                                    "pb.pub_id",
                                    "aed.author_id"
                                  ],
                                  "Parent Relationship": "Outer",
                                  "Plan Width": 8,
                                  "Total Cost": 431563.06
                                },
                                {
                                  "Startup Cost": 32422.58,
                                  "Plans": [
                                    {
                                      "Startup Cost": 0,
                                      "Plan Width": 19,
                                      "Node Type": "Seq Scan",
                                      "Plan Rows": 1992558,
                                      "Relation Name": "author",
                                      "Alias": "a",
                                      "Parallel Aware": false,
                                      "Output": [
                                        "a.author_name",
                                        "a.author_id"
                                      ],
                                      "Parent Relationship": "Outer",
                                      "Total Cost": 32422.58,
                                      "Schema": "public"
                                    }
                                  ],
                                  "Node Type": "Hash",
                                  "Plan Rows": 1992558,
                                  "Parallel Aware": false,
                                  "Output": [
                                    "a.author_name",
                                    "a.author_id"
                                  ],
                                  "Parent Relationship": "Inner",
                                  "Plan Width": 19,
                                  "Total Cost": 32422.58
                                }
                              ],
                              "Node Type": "Hash Join",
                              "Plan Rows": 4496327,
                              "Join Type": "Inner",
                              "Parallel Aware": false,
                              "Output": [
                                "pb.pub_id",
                                "NULL::text",
                                "NULL::date",
                                "a.author_name"
                              ],
                              "Parent Relationship": "Outer",
                              "Plan Width": 55,
                              "Total Cost": 614817.52
                            }
                          ],
                          "Sort Key": [
                            "pb.pub_id"
                          ],
                          "Node Type": "Sort",
                          "Plan Rows": 4496327,
                          "Parallel Aware": false,
                          "Output": [
                            "pb.pub_id",
                            "NULL::text",
                            "NULL::date",
                            "a.author_name"
                          ],
                          "Parent Relationship": "Subquery",
                          "Plan Width": 55,
                          "Total Cost": 1430279.57
                        },
                        {
                          "Startup Cost": 1517228.27,
                          "Plans": [
                            {
                              "Startup Cost": 1517228.27,
                              "Plans": [
                                {
                                  "Startup Cost": 1449445.88,
                                  "Plans": [
                                    {
                                      "Startup Cost": 1419038.75,
                                      "Plans": [
                                        {
                                          "Hash Cond": "(aed_2.author_id = a_2.author_id)",
                                          "Startup Cost": 110146.56,
                                          "Plans": [
                                            {
                                              "Hash Cond": "(aed_2.pub_id = pb_16.pub_id)",
                                              "Startup Cost": 41141.01,
                                              "Plans": [
                                                {
                                                  "Startup Cost": 0,
                                                  "Plan Width": 8,
                                                  "Node Type": "Seq Scan",
                                                  "Plan Rows": 11318457,
                                                  "Relation Name": "authored",
                                                  "Alias": "aed_2",
                                                  "Parallel Aware": false,
                                                  "Output": [
                                                    "aed_2.pub_id",
                                                    "aed_2.author_id"
                                                  ],
                                                  "Parent Relationship": "Outer",
                                                  "Total Cost": 210798.57,
                                                  "Schema": "public"
                                                },
                                                {
                                                  "Startup Cost": 25224.57,
                                                  "Plans": [
                                                    {
                                                      "Startup Cost": 0,
                                                      "Plans": [
                                                        {
                                                          "Startup Cost": 0,
                                                          "Plan Width": 4,
                                                          "Node Type": "Seq Scan",
                                                          "Plan Rows": 1,
                                                          "Relation Name": "publication",
                                                          "Alias": "pb_16",
                                                          "Parallel Aware": false,
                                                          "Output": [
                                                            "pb_16.pub_id"
                                                          ],
                                                          "Parent Relationship": "Member",
                                                          "Total Cost": 0,
                                                          "Schema": "public"
                                                        },
                                                        {
                                                          "Startup Cost": 0,
                                                          "Plan Width": 4,
                                                          "Node Type": "Seq Scan",
                                                          "Plan Rows": 3302,
                                                          "Relation Name": "book",
                                                          "Alias": "pb_17",
                                                          "Parallel Aware": false,
                                                          "Output": [
                                                            "pb_17.pub_id"
                                                          ],
                                                          "Parent Relationship": "Member",
                                                          "Total Cost": 85.02,
                                                          "Schema": "public"
                                                        },
                                                        {
                                                          "Startup Cost": 0,
                                                          "Plan Width": 4,
                                                          "Node Type": "Seq Scan",
                                                          "Plan Rows": 11007,
                                                          "Relation Name": "incollection",
                                                          "Alias": "pb_18",
                                                          "Parallel Aware": false,
                                                          "Output": [
                                                            "pb_18.pub_id"
                                                          ],
                                                          "Parent Relationship": "Member",
                                                          "Total Cost": 264.07,
                                                          "Schema": "public"
                                                        },
                                                        {
                                                          "Startup Cost": 0,
                                                          "Plan Width": 4,
                                                          "Node Type": "Seq Scan",
                                                          "Plan Rows": 2,
                                                          "Relation Name": "masters_thesis",
                                                          "Alias": "pb_19",
                                                          "Parallel Aware": false,
                                                          "Output": [
                                                            "pb_19.pub_id"
                                                          ],
                                                          "Parent Relationship": "Member",
                                                          "Total Cost": 1.02,
                                                          "Schema": "public"
                                                        },
                                                        {
                                                          "Startup Cost": 0.29,
                                                          "Scan Direction": "Forward",
                                                          "Plan Width": 4,
                                                          "Node Type": "Index Only Scan",
                                                          "Total Cost": 407.24,
                                                          "Plan Rows": 15130,
                                                          "Relation Name": "phd_thesis",
                                                          "Alias": "pb_20",
                                                          "Parallel Aware": false,
                                                          "Output": [
                                                            "pb_20.pub_id"
                                                          ],
                                                          "Parent Relationship": "Member",
                                                          "Schema": "public",
                                                          "Index Name": "temp_phd_thesis_pkey1"
                                                        },
                                                        {
                                                          "Startup Cost": 0.29,
                                                          "Scan Direction": "Forward",
                                                          "Plan Width": 4,
                                                          "Node Type": "Index Only Scan",
                                                          "Total Cost": 230.44,
                                                          "Plan Rows": 8410,
                                                          "Relation Name": "proceedings",
                                                          "Alias": "pb_21",
                                                          "Parallel Aware": false,
                                                          "Output": [
                                                            "pb_21.pub_id"
                                                          ],
                                                          "Parent Relationship": "Member",
                                                          "Schema": "public",
                                                          "Index Name": "temp_proceedings_pkey1"
                                                        },
                                                        {
                                                          "Startup Cost": 0.42,
                                                          "Scan Direction": "Forward",
                                                          "Plan Width": 4,
                                                          "Node Type": "Index Only Scan",
                                                          "Total Cost": 13239.25,
                                                          "Plan Rows": 509255,
                                                          "Relation Name": "inproceedings",
                                                          "Alias": "pb_22",
                                                          "Parallel Aware": false,
                                                          "Output": [
                                                            "pb_22.pub_id"
                                                          ],
                                                          "Parent Relationship": "Member",
                                                          "Schema": "public",
                                                          "Index Name": "temp_inproceedings_pkey1"
                                                        },
                                                        {
                                                          "Startup Cost": 0.42,
                                                          "Scan Direction": "Forward",
                                                          "Plan Width": 4,
                                                          "Node Type": "Index Only Scan",
                                                          "Total Cost": 10997.54,
                                                          "Plan Rows": 423008,
                                                          "Relation Name": "article",
                                                          "Alias": "pb_23",
                                                          "Parallel Aware": false,
                                                          "Output": [
                                                            "pb_23.pub_id"
                                                          ],
                                                          "Parent Relationship": "Member",
                                                          "Schema": "public",
                                                          "Index Name": "temp_article_pkey1"
                                                        }
                                                      ],
                                                      "Node Type": "Append",
                                                      "Plan Rows": 970115,
                                                      "Parallel Aware": false,
                                                      "Parent Relationship": "Outer",
                                                      "Plan Width": 4,
                                                      "Total Cost": 25224.57
                                                    }
                                                  ],
                                                  "Node Type": "Hash",
                                                  "Plan Rows": 970115,
                                                  "Parallel Aware": false,
                                                  "Output": [
                                                    "pb_16.pub_id"
                                                  ],
                                                  "Parent Relationship": "Inner",
                                                  "Plan Width": 4,
                                                  "Total Cost": 25224.57
                                                }
                                              ],
                                              "Node Type": "Hash Join",
                                              "Plan Rows": 4496327,
                                              "Join Type": "Inner",
                                              "Parallel Aware": false,
                                              "Output": [
                                                "pb_16.pub_id",
                                                "aed_2.author_id"
                                              ],
                                              "Parent Relationship": "Outer",
                                              "Plan Width": 8,
                                              "Total Cost": 431563.06
                                            },
                                            {
                                              "Startup Cost": 32422.58,
                                              "Plans": [
                                                {
                                                  "Startup Cost": 0,
                                                  "Plan Width": 19,
                                                  "Node Type": "Seq Scan",
                                                  "Plan Rows": 1992558,
                                                  "Relation Name": "author",
                                                  "Alias": "a_2",
                                                  "Parallel Aware": false,
                                                  "Output": [
                                                    "a_2.author_name",
                                                    "a_2.author_id"
                                                  ],
                                                  "Parent Relationship": "Outer",
                                                  "Total Cost": 32422.58,
                                                  "Schema": "public"
                                                }
                                              ],
                                              "Node Type": "Hash",
                                              "Plan Rows": 1992558,
                                              "Parallel Aware": false,
                                              "Output": [
                                                "a_2.author_name",
                                                "a_2.author_id"
                                              ],
                                              "Parent Relationship": "Inner",
                                              "Plan Width": 19,
                                              "Total Cost": 32422.58
                                            }
                                          ],
                                          "Node Type": "Hash Join",
                                          "Plan Rows": 4496327,
                                          "Join Type": "Inner",
                                          "Parallel Aware": false,
                                          "Output": [
                                            "pb_16.pub_id",
                                            "NULL::text",
                                            "NULL::date",
                                            "a_2.author_name"
                                          ],
                                          "Parent Relationship": "Outer",
                                          "Plan Width": 55,
                                          "Total Cost": 614817.52
                                        }
                                      ],
                                      "Sort Key": [
                                        "pb_16.pub_id"
                                      ],
                                      "Node Type": "Sort",
                                      "Plan Rows": 4496327,
                                      "Parallel Aware": false,
                                      "Output": [
                                        "pb_16.pub_id",
                                        "NULL::text",
                                        "NULL::date",
                                        "a_2.author_name"
                                      ],
                                      "Parent Relationship": "Outer",
                                      "Plan Width": 55,
                                      "Total Cost": 1430279.57
                                    },
                                    {
                                      "Startup Cost": 30407.13,
                                      "Plans": [
                                        {
                                          "Startup Cost": 30047.33,
                                          "Plans": [
                                            {
                                              "Partial Mode": "Simple",
                                              "Startup Cost": 30047.33,
                                              "Plans": [
                                                {
                                                  "Startup Cost": 15961.69,
                                                  "Plans": [
                                                    {
                                                      "Startup Cost": 15961.69,
                                                      "Plans": [
                                                        {
                                                          "Partial Mode": "Simple",
                                                          "Startup Cost": 15961.69,
                                                          "Plans": [
                                                            {
                                                              "Startup Cost": 0,
                                                              "Plans": [
                                                                {
                                                                  "Filter": "(proceedings_2.booktitle ~ '^(?:.*KDD.*)$'::text)",
                                                                  "Startup Cost": 0,
                                                                  "Plan Width": 174,
                                                                  "Node Type": "Seq Scan",
                                                                  "Plan Rows": 9,
                                                                  "Relation Name": "proceedings",
                                                                  "Alias": "proceedings_2",
                                                                  "Parallel Aware": false,
                                                                  "Output": [
                                                                    "proceedings_2.pub_id",
                                                                    "proceedings_2.pub_key",
                                                                    "proceedings_2.title",
                                                                    "proceedings_2.pub_date",
                                                                    "proceedings_2.booktitle"
                                                                  ],
                                                                  "Parent Relationship": "Member",
                                                                  "Total Cost": 330.12,
                                                                  "Schema": "public"
                                                                },
                                                                {
                                                                  "Filter": "(inproceedings_2.booktitle ~ '^(?:.*KDD.*)$'::text)",
                                                                  "Startup Cost": 0,
                                                                  "Plan Width": 112,
                                                                  "Node Type": "Seq Scan",
                                                                  "Plan Rows": 4430,
                                                                  "Relation Name": "inproceedings",
                                                                  "Alias": "inproceedings_2",
                                                                  "Parallel Aware": false,
                                                                  "Output": [
                                                                    "inproceedings_2.pub_id",
                                                                    "inproceedings_2.pub_key",
                                                                    "inproceedings_2.title",
                                                                    "inproceedings_2.pub_date",
                                                                    "inproceedings_2.booktitle"
                                                                  ],
                                                                  "Parent Relationship": "Member",
                                                                  "Total Cost": 15531.69,
                                                                  "Schema": "public"
                                                                }
                                                              ],
                                                              "Node Type": "Append",
                                                              "Plan Rows": 4439,
                                                              "Parallel Aware": false,
                                                              "Parent Relationship": "Outer",
                                                              "Plan Width": 104,
                                                              "Total Cost": 15906.2
                                                            }
                                                          ],
                                                          "Group Key": [
                                                            "proceedings_2.pub_id",
                                                            "proceedings_2.pub_key",
                                                            "proceedings_2.title",
                                                            "proceedings_2.pub_date",
                                                            "proceedings_2.booktitle"
                                                          ],
                                                          "Node Type": "Aggregate",
                                                          "Strategy": "Hashed",
                                                          "Plan Rows": 4439,
                                                          "Parallel Aware": false,
                                                          "Output": [
                                                            "proceedings_2.pub_id",
                                                            "proceedings_2.pub_key",
                                                            "proceedings_2.title",
                                                            "proceedings_2.pub_date",
                                                            "proceedings_2.booktitle"
                                                          ],
                                                          "Parent Relationship": "Subquery",
                                                          "Plan Width": 104,
                                                          "Total Cost": 16006.08
                                                        }
                                                      ],
                                                      "Node Type": "Subquery Scan",
                                                      "Plan Rows": 4439,
                                                      "Alias": "proceedings_inproceedings_2",
                                                      "Parallel Aware": false,
                                                      "Output": [
                                                        "proceedings_inproceedings_2.pub_id",
                                                        "proceedings_inproceedings_2.title",
                                                        "proceedings_inproceedings_2.pub_date",
                                                        "proceedings_inproceedings_2.booktitle"
                                                      ],
                                                      "Parent Relationship": "Member",
                                                      "Plan Width": 72,
                                                      "Total Cost": 16050.47
                                                    },
                                                    {
                                                      "Filter": "(article_2.journal ~ '^(?:.*KDD.*)$'::text)",
                                                      "Startup Cost": 0,
                                                      "Plan Width": 106,
                                                      "Node Type": "Seq Scan",
                                                      "Plan Rows": 24,
                                                      "Relation Name": "article",
                                                      "Alias": "article_2",
                                                      "Parallel Aware": false,
                                                      "Output": [
                                                        "article_2.pub_id",
                                                        "article_2.title",
                                                        "article_2.pub_date",
                                                        "article_2.journal"
                                                      ],
                                                      "Parent Relationship": "Member",
                                                      "Total Cost": 13907.6,
                                                      "Schema": "public"
                                                    }
                                                  ],
                                                  "Node Type": "Append",
                                                  "Plan Rows": 4463,
                                                  "Parallel Aware": false,
                                                  "Parent Relationship": "Outer",
                                                  "Plan Width": 72,
                                                  "Total Cost": 30002.7
                                                }
                                              ],
                                              "Group Key": [
                                                "proceedings_inproceedings_2.pub_id",
                                                "proceedings_inproceedings_2.title",
                                                "proceedings_inproceedings_2.pub_date",
                                                "proceedings_inproceedings_2.booktitle"
                                              ],
                                              "Node Type": "Aggregate",
                                              "Strategy": "Hashed",
                                              "Plan Rows": 4463,
                                              "Parallel Aware": false,
                                              "Output": [
                                                "proceedings_inproceedings_2.pub_id",
                                                "proceedings_inproceedings_2.title",
                                                "proceedings_inproceedings_2.pub_date",
                                                "proceedings_inproceedings_2.booktitle"
                                              ],
                                              "Parent Relationship": "Subquery",
                                              "Plan Width": 72,
                                              "Total Cost": 30091.96
                                            }
                                          ],
                                          "Node Type": "Subquery Scan",
                                          "Plan Rows": 4463,
                                          "Alias": "cjp_1",
                                          "Parallel Aware": false,
                                          "Output": [
                                            "cjp_1.pub_id"
                                          ],
                                          "Parent Relationship": "Outer",
                                          "Plan Width": 4,
                                          "Total Cost": 30136.59
                                        }
                                      ],
                                      "Sort Key": [
                                        "cjp_1.pub_id"
                                      ],
                                      "Node Type": "Sort",
                                      "Plan Rows": 4463,
                                      "Parallel Aware": false,
                                      "Output": [
                                        "cjp_1.pub_id"
                                      ],
                                      "Parent Relationship": "Inner",
                                      "Plan Width": 4,
                                      "Total Cost": 30418.29
                                    }
                                  ],
                                  "Node Type": "Merge Join",
                                  "Plan Rows": 4463,
                                  "Join Type": "Inner",
                                  "Parallel Aware": false,
                                  "Output": [
                                    "a_2.author_name"
                                  ],
                                  "Parent Relationship": "Outer",
                                  "Plan Width": 15,
                                  "Merge Cond": "(pb_16.pub_id = cjp_1.pub_id)",
                                  "Total Cost": 1516957.73
                                }
                              ],
                              "Sort Key": [
                                "a_2.author_name"
                              ],
                              "Node Type": "Sort",
                              "Plan Rows": 4463,
                              "Parallel Aware": false,
                              "Output": [
                                "a_2.author_name"
                              ],
                              "Parent Relationship": "Outer",
                              "Plan Width": 15,
                              "Total Cost": 1517239.43
                            }
                          ],
                          "Node Type": "Unique",
                          "Plan Rows": 4463,
                          "Parallel Aware": false,
                          "Output": [
                            "a_2.author_name"
                          ],
                          "Parent Relationship": "SubPlan",
                          "Plan Width": 15,
                          "Subplan Name": "SubPlan 1",
                          "Total Cost": 1517250.59
                        }
                      ],
                      "Node Type": "Subquery Scan",
                      "Plan Rows": 2248164,
                      "Filter": "(NOT (hashed SubPlan 1))",
                      "Alias": "pa",
                      "Parallel Aware": false,
                      "Output": [
                        "pa.pub_id",
                        "pa.title",
                        "pa.pub_date",
                        "pa.author_name"
                      ],
                      "Parent Relationship": "Outer",
                      "Plan Width": 19,
                      "Total Cost": 3003745.4
                    },
                    {
                      "Startup Cost": 331194.88,
                      "Plans": [
                        {
                          "Startup Cost": 331194.88,
                          "Plans": [
                            {
                              "Startup Cost": 331194.88,
                              "Plans": [
                                {
                                  "Startup Cost": 125498,
                                  "Plans": [
                                    {
                                      "Startup Cost": 125498,
                                      "Plans": [
                                        {
                                          "Startup Cost": 125498,
                                          "Plans": [
                                            {
                                              "Startup Cost": 125498,
                                              "Plans": [
                                                {
                                                  "Startup Cost": 0,
                                                  "Plans": [
                                                    {
                                                      "Startup Cost": 0,
                                                      "Plan Width": 174,
                                                      "Node Type": "Seq Scan",
                                                      "Plan Rows": 8410,
                                                      "Relation Name": "proceedings",
                                                      "Alias": "proceedings",
                                                      "Parallel Aware": false,
                                                      "Output": [
                                                        "proceedings.pub_id",
                                                        "proceedings.pub_key",
                                                        "proceedings.title",
                                                        "proceedings.pub_date",
                                                        "proceedings.booktitle"
                                                      ],
                                                      "Parent Relationship": "Member",
                                                      "Total Cost": 309.1,
                                                      "Schema": "public"
                                                    },
                                                    {
                                                      "Startup Cost": 0,
                                                      "Plan Width": 112,
                                                      "Node Type": "Seq Scan",
                                                      "Plan Rows": 509255,
                                                      "Relation Name": "inproceedings",
                                                      "Alias": "inproceedings",
                                                      "Parallel Aware": false,
                                                      "Output": [
                                                        "inproceedings.pub_id",
                                                        "inproceedings.pub_key",
                                                        "inproceedings.title",
                                                        "inproceedings.pub_date",
                                                        "inproceedings.booktitle"
                                                      ],
                                                      "Parent Relationship": "Member",
                                                      "Total Cost": 14258.55,
                                                      "Schema": "public"
                                                    }
                                                  ],
                                                  "Node Type": "Append",
                                                  "Plan Rows": 517665,
                                                  "Parallel Aware": false,
                                                  "Parent Relationship": "Outer",
                                                  "Plan Width": 104,
                                                  "Total Cost": 19744.3
                                                }
                                              ],
                                              "Sort Key": [
                                                "proceedings.pub_id",
                                                "proceedings.pub_key",
                                                "proceedings.title",
                                                "proceedings.pub_date",
                                                "proceedings.booktitle"
                                              ],
                                              "Node Type": "Sort",
                                              "Plan Rows": 517665,
                                              "Parallel Aware": false,
                                              "Output": [
                                                "proceedings.pub_id",
                                                "proceedings.pub_key",
                                                "proceedings.title",
                                                "proceedings.pub_date",
                                                "proceedings.booktitle"
                                              ],
                                              "Parent Relationship": "Outer",
                                              "Plan Width": 104,
                                              "Total Cost": 126792.17
                                            }
                                          ],
                                          "Node Type": "Unique",
                                          "Plan Rows": 517665,
                                          "Parallel Aware": false,
                                          "Output": [
                                            "proceedings.pub_id",
                                            "proceedings.pub_key",
                                            "proceedings.title",
                                            "proceedings.pub_date",
                                            "proceedings.booktitle"
                                          ],
                                          "Parent Relationship": "Subquery",
                                          "Plan Width": 104,
                                          "Total Cost": 133262.98
                                        }
                                      ],
                                      "Node Type": "Subquery Scan",
                                      "Plan Rows": 517665,
                                      "Alias": "proceedings_inproceedings",
                                      "Parallel Aware": false,
                                      "Output": [
                                        "proceedings_inproceedings.pub_id",
                                        "proceedings_inproceedings.title",
                                        "proceedings_inproceedings.pub_date",
                                        "proceedings_inproceedings.booktitle"
                                      ],
                                      "Parent Relationship": "Member",
                                      "Plan Width": 72,
                                      "Total Cost": 138439.63
                                    },
                                    {
                                      "Startup Cost": 0,
                                      "Plan Width": 106,
                                      "Node Type": "Seq Scan",
                                      "Plan Rows": 423008,
                                      "Relation Name": "article",
                                      "Alias": "article",
                                      "Parallel Aware": false,
                                      "Output": [
                                        "article.pub_id",
                                        "article.title",
                                        "article.pub_date",
                                        "article.journal"
                                      ],
                                      "Parent Relationship": "Member",
                                      "Total Cost": 12850.08,
                                      "Schema": "public"
                                    }
                                  ],
                                  "Node Type": "Append",
                                  "Plan Rows": 940673,
                                  "Parallel Aware": false,
                                  "Parent Relationship": "Outer",
                                  "Plan Width": 72,
                                  "Total Cost": 160696.44
                                }
                              ],
                              "Sort Key": [
                                "proceedings_inproceedings.pub_id",
                                "proceedings_inproceedings.title",
                                "proceedings_inproceedings.pub_date",
                                "proceedings_inproceedings.booktitle"
                              ],
                              "Node Type": "Sort",
                              "Plan Rows": 940673,
                              "Parallel Aware": false,
                              "Output": [
                                "proceedings_inproceedings.pub_id",
                                "proceedings_inproceedings.title",
                                "proceedings_inproceedings.pub_date",
                                "proceedings_inproceedings.booktitle"
                              ],
                              "Parent Relationship": "Outer",
                              "Plan Width": 72,
                              "Total Cost": 333546.56
                            }
                          ],
                          "Node Type": "Unique",
                          "Plan Rows": 940673,
                          "Parallel Aware": false,
                          "Output": [
                            "proceedings_inproceedings.pub_id",
                            "proceedings_inproceedings.title",
                            "proceedings_inproceedings.pub_date",
                            "proceedings_inproceedings.booktitle"
                          ],
                          "Parent Relationship": "Outer",
                          "Plan Width": 72,
                          "Total Cost": 342953.29
                        }
                      ],
                      "Node Type": "Materialize",
                      "Plan Rows": 940673,
                      "Parallel Aware": false,
                      "Output": [
                        "proceedings_inproceedings.pub_id",
                        "proceedings_inproceedings.title",
                        "proceedings_inproceedings.pub_date",
                        "proceedings_inproceedings.booktitle"
                      ],
                      "Parent Relationship": "Inner",
                      "Plan Width": 4,
                      "Total Cost": 354711.7
                    }
                  ],
                  "Node Type": "Merge Join",
                  "Plan Rows": 470337,
                  "Join Type": "Inner",
                  "Parallel Aware": false,
                  "Output": [
                    "pa.author_name"
                  ],
                  "Parent Relationship": "Outer",
                  "Plan Width": 15,
                  "Merge Cond": "(pa.pub_id = proceedings_inproceedings.pub_id)",
                  "Total Cost": 3371132.57
                },
                {
                  "Startup Cost": 1516263.8,
                  "Plans": [
                    {
                      "Startup Cost": 1516261.78,
                      "Plans": [
                        {
                          "Startup Cost": 1516261.78,
                          "Plans": [
                            {
                              "Partial Mode": "Simple",
                              "Startup Cost": 1516261.78,
                              "Plans": [
                                {
                                  "Startup Cost": 1516261.78,
                                  "Plans": [
                                    {
                                      "Startup Cost": 1448814.1,
                                      "Plans": [
                                        {
                                          "Startup Cost": 1419038.75,
                                          "Plans": [
                                            {
                                              "Hash Cond": "(aed_1.author_id = a_1.author_id)",
                                              "Startup Cost": 110146.56,
                                              "Plans": [
                                                {
                                                  "Hash Cond": "(aed_1.pub_id = pb_8.pub_id)",
                                                  "Startup Cost": 41141.01,
                                                  "Plans": [
                                                    {
                                                      "Startup Cost": 0,
                                                      "Plan Width": 8,
                                                      "Node Type": "Seq Scan",
                                                      "Plan Rows": 11318457,
                                                      "Relation Name": "authored",
                                                      "Alias": "aed_1",
                                                      "Parallel Aware": false,
                                                      "Output": [
                                                        "aed_1.pub_id",
                                                        "aed_1.author_id"
                                                      ],
                                                      "Parent Relationship": "Outer",
                                                      "Total Cost": 210798.57,
                                                      "Schema": "public"
                                                    },
                                                    {
                                                      "Startup Cost": 25224.57,
                                                      "Plans": [
                                                        {
                                                          "Startup Cost": 0,
                                                          "Plans": [
                                                            {
                                                              "Startup Cost": 0,
                                                              "Plan Width": 4,
                                                              "Node Type": "Seq Scan",
                                                              "Plan Rows": 1,
                                                              "Relation Name": "publication",
                                                              "Alias": "pb_8",
                                                              "Parallel Aware": false,
                                                              "Output": [
                                                                "pb_8.pub_id"
                                                              ],
                                                              "Parent Relationship": "Member",
                                                              "Total Cost": 0,
                                                              "Schema": "public"
                                                            },
                                                            {
                                                              "Startup Cost": 0,
                                                              "Plan Width": 4,
                                                              "Node Type": "Seq Scan",
                                                              "Plan Rows": 3302,
                                                              "Relation Name": "book",
                                                              "Alias": "pb_9",
                                                              "Parallel Aware": false,
                                                              "Output": [
                                                                "pb_9.pub_id"
                                                              ],
                                                              "Parent Relationship": "Member",
                                                              "Total Cost": 85.02,
                                                              "Schema": "public"
                                                            },
                                                            {
                                                              "Startup Cost": 0,
                                                              "Plan Width": 4,
                                                              "Node Type": "Seq Scan",
                                                              "Plan Rows": 11007,
                                                              "Relation Name": "incollection",
                                                              "Alias": "pb_10",
                                                              "Parallel Aware": false,
                                                              "Output": [
                                                                "pb_10.pub_id"
                                                              ],
                                                              "Parent Relationship": "Member",
                                                              "Total Cost": 264.07,
                                                              "Schema": "public"
                                                            },
                                                            {
                                                              "Startup Cost": 0,
                                                              "Plan Width": 4,
                                                              "Node Type": "Seq Scan",
                                                              "Plan Rows": 2,
                                                              "Relation Name": "masters_thesis",
                                                              "Alias": "pb_11",
                                                              "Parallel Aware": false,
                                                              "Output": [
                                                                "pb_11.pub_id"
                                                              ],
                                                              "Parent Relationship": "Member",
                                                              "Total Cost": 1.02,
                                                              "Schema": "public"
                                                            },
                                                            {
                                                              "Startup Cost": 0.29,
                                                              "Scan Direction": "Forward",
                                                              "Plan Width": 4,
                                                              "Node Type": "Index Only Scan",
                                                              "Total Cost": 407.24,
                                                              "Plan Rows": 15130,
                                                              "Relation Name": "phd_thesis",
                                                              "Alias": "pb_12",
                                                              "Parallel Aware": false,
                                                              "Output": [
                                                                "pb_12.pub_id"
                                                              ],
                                                              "Parent Relationship": "Member",
                                                              "Schema": "public",
                                                              "Index Name": "temp_phd_thesis_pkey1"
                                                            },
                                                            {
                                                              "Startup Cost": 0.29,
                                                              "Scan Direction": "Forward",
                                                              "Plan Width": 4,
                                                              "Node Type": "Index Only Scan",
                                                              "Total Cost": 230.44,
                                                              "Plan Rows": 8410,
                                                              "Relation Name": "proceedings",
                                                              "Alias": "pb_13",
                                                              "Parallel Aware": false,
                                                              "Output": [
                                                                "pb_13.pub_id"
                                                              ],
                                                              "Parent Relationship": "Member",
                                                              "Schema": "public",
                                                              "Index Name": "temp_proceedings_pkey1"
                                                            },
                                                            {
                                                              "Startup Cost": 0.42,
                                                              "Scan Direction": "Forward",
                                                              "Plan Width": 4,
                                                              "Node Type": "Index Only Scan",
                                                              "Total Cost": 13239.25,
                                                              "Plan Rows": 509255,
                                                              "Relation Name": "inproceedings",
                                                              "Alias": "pb_14",
                                                              "Parallel Aware": false,
                                                              "Output": [
                                                                "pb_14.pub_id"
                                                              ],
                                                              "Parent Relationship": "Member",
                                                              "Schema": "public",
                                                              "Index Name": "temp_inproceedings_pkey1"
                                                            },
                                                            {
                                                              "Startup Cost": 0.42,
                                                              "Scan Direction": "Forward",
                                                              "Plan Width": 4,
                                                              "Node Type": "Index Only Scan",
                                                              "Total Cost": 10997.54,
                                                              "Plan Rows": 423008,
                                                              "Relation Name": "article",
                                                              "Alias": "pb_15",
                                                              "Parallel Aware": false,
                                                              "Output": [
                                                                "pb_15.pub_id"
                                                              ],
                                                              "Parent Relationship": "Member",
                                                              "Schema": "public",
                                                              "Index Name": "temp_article_pkey1"
                                                            }
                                                          ],
                                                          "Node Type": "Append",
                                                          "Plan Rows": 970115,
                                                          "Parallel Aware": false,
                                                          "Parent Relationship": "Outer",
                                                          "Plan Width": 4,
                                                          "Total Cost": 25224.57
                                                        }
                                                      ],
                                                      "Node Type": "Hash",
                                                      "Plan Rows": 970115,
                                                      "Parallel Aware": false,
                                                      "Output": [
                                                        "pb_8.pub_id"
                                                      ],
                                                      "Parent Relationship": "Inner",
                                                      "Plan Width": 4,
                                                      "Total Cost": 25224.57
                                                    }
                                                  ],
                                                  "Node Type": "Hash Join",
                                                  "Plan Rows": 4496327,
                                                  "Join Type": "Inner",
                                                  "Parallel Aware": false,
                                                  "Output": [
                                                    "pb_8.pub_id",
                                                    "aed_1.author_id"
                                                  ],
                                                  "Parent Relationship": "Outer",
                                                  "Plan Width": 8,
                                                  "Total Cost": 431563.06
                                                },
                                                {
                                                  "Startup Cost": 32422.58,
                                                  "Plans": [
                                                    {
                                                      "Startup Cost": 0,
                                                      "Plan Width": 19,
                                                      "Node Type": "Seq Scan",
                                                      "Plan Rows": 1992558,
                                                      "Relation Name": "author",
                                                      "Alias": "a_1",
                                                      "Parallel Aware": false,
                                                      "Output": [
                                                        "a_1.author_name",
                                                        "a_1.author_id"
                                                      ],
                                                      "Parent Relationship": "Outer",
                                                      "Total Cost": 32422.58,
                                                      "Schema": "public"
                                                    }
                                                  ],
                                                  "Node Type": "Hash",
                                                  "Plan Rows": 1992558,
                                                  "Parallel Aware": false,
                                                  "Output": [
                                                    "a_1.author_name",
                                                    "a_1.author_id"
                                                  ],
                                                  "Parent Relationship": "Inner",
                                                  "Plan Width": 19,
                                                  "Total Cost": 32422.58
                                                }
                                              ],
                                              "Node Type": "Hash Join",
                                              "Plan Rows": 4496327,
                                              "Join Type": "Inner",
                                              "Parallel Aware": false,
                                              "Output": [
                                                "pb_8.pub_id",
                                                "NULL::text",
                                                "NULL::date",
                                                "a_1.author_name"
                                              ],
                                              "Parent Relationship": "Outer",
                                              "Plan Width": 55,
                                              "Total Cost": 614817.52
                                            }
                                          ],
                                          "Sort Key": [
                                            "pb_8.pub_id"
                                          ],
                                          "Node Type": "Sort",
                                          "Plan Rows": 4496327,
                                          "Parallel Aware": false,
                                          "Output": [
                                            "pb_8.pub_id",
                                            "NULL::text",
                                            "NULL::date",
                                            "a_1.author_name"
                                          ],
                                          "Parent Relationship": "Outer",
                                          "Plan Width": 55,
                                          "Total Cost": 1430279.57
                                        },
                                        {
                                          "Startup Cost": 29775.35,
                                          "Plans": [
                                            {
                                              "Startup Cost": 29772.27,
                                              "Plans": [
                                                {
                                                  "Partial Mode": "Simple",
                                                  "Startup Cost": 29772.27,
                                                  "Plans": [
                                                    {
                                                      "Startup Cost": 15862.67,
                                                      "Plans": [
                                                        {
                                                          "Startup Cost": 15862.67,
                                                          "Plans": [
                                                            {
                                                              "Partial Mode": "Simple",
                                                              "Startup Cost": 15862.67,
                                                              "Plans": [
                                                                {
                                                                  "Startup Cost": 0,
                                                                  "Plans": [
                                                                    {
                                                                      "Filter": "(proceedings_1.booktitle ~ '^(?:.*PVLDB.*)$'::text)",
                                                                      "Startup Cost": 0,
                                                                      "Plan Width": 174,
                                                                      "Node Type": "Seq Scan",
                                                                      "Plan Rows": 1,
                                                                      "Relation Name": "proceedings",
                                                                      "Alias": "proceedings_1",
                                                                      "Parallel Aware": false,
                                                                      "Output": [
                                                                        "proceedings_1.pub_id",
                                                                        "proceedings_1.pub_key",
                                                                        "proceedings_1.title",
                                                                        "proceedings_1.pub_date",
                                                                        "proceedings_1.booktitle"
                                                                      ],
                                                                      "Parent Relationship": "Member",
                                                                      "Total Cost": 330.12,
                                                                      "Schema": "public"
                                                                    },
                                                                    {
                                                                      "Filter": "(inproceedings_1.booktitle ~ '^(?:.*PVLDB.*)$'::text)",
                                                                      "Startup Cost": 0,
                                                                      "Plan Width": 112,
                                                                      "Node Type": "Seq Scan",
                                                                      "Plan Rows": 37,
                                                                      "Relation Name": "inproceedings",
                                                                      "Alias": "inproceedings_1",
                                                                      "Parallel Aware": false,
                                                                      "Output": [
                                                                        "inproceedings_1.pub_id",
                                                                        "inproceedings_1.pub_key",
                                                                        "inproceedings_1.title",
                                                                        "inproceedings_1.pub_date",
                                                                        "inproceedings_1.booktitle"
                                                                      ],
                                                                      "Parent Relationship": "Member",
                                                                      "Total Cost": 15531.69,
                                                                      "Schema": "public"
                                                                    }
                                                                  ],
                                                                  "Node Type": "Append",
                                                                  "Plan Rows": 38,
                                                                  "Parallel Aware": false,
                                                                  "Parent Relationship": "Outer",
                                                                  "Plan Width": 104,
                                                                  "Total Cost": 15862.19
                                                                }
                                                              ],
                                                              "Group Key": [
                                                                "proceedings_1.pub_id",
                                                                "proceedings_1.pub_key",
                                                                "proceedings_1.title",
                                                                "proceedings_1.pub_date",
                                                                "proceedings_1.booktitle"
                                                              ],
                                                              "Node Type": "Aggregate",
                                                              "Strategy": "Hashed",
                                                              "Plan Rows": 38,
                                                              "Parallel Aware": false,
                                                              "Output": [
                                                                "proceedings_1.pub_id",
                                                                "proceedings_1.pub_key",
                                                                "proceedings_1.title",
                                                                "proceedings_1.pub_date",
                                                                "proceedings_1.booktitle"
                                                              ],
                                                              "Parent Relationship": "Subquery",
                                                              "Plan Width": 104,
                                                              "Total Cost": 15863.05
                                                            }
                                                          ],
                                                          "Node Type": "Subquery Scan",
                                                          "Plan Rows": 38,
                                                          "Alias": "proceedings_inproceedings_1",
                                                          "Parallel Aware": false,
                                                          "Output": [
                                                            "proceedings_inproceedings_1.pub_id",
                                                            "proceedings_inproceedings_1.title",
                                                            "proceedings_inproceedings_1.pub_date",
                                                            "proceedings_inproceedings_1.booktitle"
                                                          ],
                                                          "Parent Relationship": "Member",
                                                          "Plan Width": 72,
                                                          "Total Cost": 15863.43
                                                        },
                                                        {
                                                          "Filter": "(article_1.journal ~ '^(?:.*PVLDB.*)$'::text)",
                                                          "Startup Cost": 0,
                                                          "Plan Width": 106,
                                                          "Node Type": "Seq Scan",
                                                          "Plan Rows": 24,
                                                          "Relation Name": "article",
                                                          "Alias": "article_1",
                                                          "Parallel Aware": false,
                                                          "Output": [
                                                            "article_1.pub_id",
                                                            "article_1.title",
                                                            "article_1.pub_date",
                                                            "article_1.journal"
                                                          ],
                                                          "Parent Relationship": "Member",
                                                          "Total Cost": 13907.6,
                                                          "Schema": "public"
                                                        }
                                                      ],
                                                      "Node Type": "Append",
                                                      "Plan Rows": 62,
                                                      "Parallel Aware": false,
                                                      "Parent Relationship": "Outer",
                                                      "Plan Width": 72,
                                                      "Total Cost": 29771.65
                                                    }
                                                  ],
                                                  "Group Key": [
                                                    "proceedings_inproceedings_1.pub_id",
                                                    "proceedings_inproceedings_1.title",
                                                    "proceedings_inproceedings_1.pub_date",
                                                    "proceedings_inproceedings_1.booktitle"
                                                  ],
                                                  "Node Type": "Aggregate",
                                                  "Strategy": "Hashed",
                                                  "Plan Rows": 62,
                                                  "Parallel Aware": false,
                                                  "Output": [
                                                    "proceedings_inproceedings_1.pub_id",
                                                    "proceedings_inproceedings_1.title",
                                                    "proceedings_inproceedings_1.pub_date",
                                                    "proceedings_inproceedings_1.booktitle"
                                                  ],
                                                  "Parent Relationship": "Subquery",
                                                  "Plan Width": 72,
                                                  "Total Cost": 29772.89
                                                }
                                              ],
                                              "Node Type": "Subquery Scan",
                                              "Plan Rows": 62,
                                              "Alias": "cjp",
                                              "Parallel Aware": false,
                                              "Output": [
                                                "cjp.confjournal",
                                                "cjp.pub_id"
                                              ],
                                              "Parent Relationship": "Outer",
                                              "Plan Width": 36,
                                              "Total Cost": 29773.51
                                            }
                                          ],
                                          "Sort Key": [
                                            "cjp.pub_id"
                                          ],
                                          "Node Type": "Sort",
                                          "Plan Rows": 62,
                                          "Parallel Aware": false,
                                          "Output": [
                                            "cjp.confjournal",
                                            "cjp.pub_id"
                                          ],
                                          "Parent Relationship": "Inner",
                                          "Plan Width": 36,
                                          "Total Cost": 29775.51
                                        }
                                      ],
                                      "Node Type": "Merge Join",
                                      "Plan Rows": 62,
                                      "Join Type": "Inner",
                                      "Parallel Aware": false,
                                      "Output": [
                                        "a_1.author_name",
                                        "cjp.confjournal",
                                        "cjp.pub_id"
                                      ],
                                      "Parent Relationship": "Outer",
                                      "Plan Width": 51,
                                      "Merge Cond": "(pb_8.pub_id = cjp.pub_id)",
                                      "Total Cost": 1516259.94
                                    }
                                  ],
                                  "Sort Key": [
                                    "a_1.author_name",
                                    "cjp.confjournal"
                                  ],
                                  "Node Type": "Sort",
                                  "Plan Rows": 62,
                                  "Parallel Aware": false,
                                  "Output": [
                                    "a_1.author_name",
                                    "cjp.confjournal",
                                    "cjp.pub_id"
                                  ],
                                  "Parent Relationship": "Outer",
                                  "Plan Width": 51,
                                  "Total Cost": 1516261.94
                                }
                              ],
                              "Group Key": [
                                "a_1.author_name",
                                "cjp.confjournal"
                              ],
                              "Node Type": "Aggregate",
                              "Strategy": "Sorted",
                              "Filter": "(count(DISTINCT cjp.pub_id) > 14)",
                              "Plan Rows": 62,
                              "Parallel Aware": false,
                              "Output": [
                                "a_1.author_name",
                                "cjp.confjournal"
                              ],
                              "Parent Relationship": "Outer",
                              "Plan Width": 47,
                              "Total Cost": 1516263.02
                            }
                          ],
                          "Node Type": "Unique",
                          "Plan Rows": 62,
                          "Parallel Aware": false,
                          "Output": [
                            "a_1.author_name",
                            "cjp.confjournal"
                          ],
                          "Parent Relationship": "Subquery",
                          "Plan Width": 47,
                          "Total Cost": 1516263.18
                        }
                      ],
                      "Node Type": "Subquery Scan",
                      "Plan Rows": 62,
                      "Alias": "ANY_subquery",
                      "Parallel Aware": false,
                      "Output": [
                        "\"ANY_subquery\".author_name"
                      ],
                      "Parent Relationship": "Outer",
                      "Plan Width": 15,
                      "Total Cost": 1516263.8
                    }
                  ],
                  "Node Type": "Hash",
                  "Plan Rows": 62,
                  "Parallel Aware": false,
                  "Output": [
                    "\"ANY_subquery\".author_name"
                  ],
                  "Parent Relationship": "Inner",
                  "Plan Width": 15,
                  "Total Cost": 1516263.8
                }
              ],
              "Node Type": "Hash Join",
              "Plan Rows": 6,
              "Join Type": "Semi",
              "Parallel Aware": false,
              "Output": [
                "pa.author_name"
              ],
              "Parent Relationship": "Outer",
              "Plan Width": 15,
              "Total Cost": 4888631.84
            }
          ],
          "Sort Key": [
            "pa.author_name"
          ],
          "Node Type": "Sort",
          "Plan Rows": 6,
          "Parallel Aware": false,
          "Output": [
            "pa.author_name"
          ],
          "Parent Relationship": "Outer",
          "Plan Width": 15,
          "Total Cost": 4888631.93
        }
      ],
      "Node Type": "Unique",
      "Plan Rows": 6,
      "Parallel Aware": false,
      "Output": [
        "pa.author_name"
      ],
      "Plan Width": 15,
      "Total Cost": 4888631.95
    }
  }
]