[
   {
     "Plan": {
       "Node Type": "Aggregate",
       "Strategy": "Plain",
       "Partial Mode": "Simple",
       "Parallel Aware": false,
       "Startup Cost": 23.75,
       "Total Cost": 23.76,
       "Plan Rows": 1,
       "Plan Width": 8,
       "Actual Startup Time": 0.025,
       "Actual Total Time": 0.025,
       "Actual Rows": 1,
       "Actual Loops": 1,
       "Output": ["count(*)"],
       "Plans": [
         {
           "Node Type": "Seq Scan",
           "Parent Relationship": "Outer",
           "Parallel Aware": false,
           "Relation Name": "test4",
           "Schema": "public",
           "Alias": "test4",
           "Startup Cost": 0.00,
           "Total Cost": 21.00,
           "Plan Rows": 1100,
           "Plan Width": 0,
           "Actual Startup Time": 0.014,
           "Actual Total Time": 0.017,
           "Actual Rows": 20,
           "Actual Loops": 1,
           "Output": ["id", "team", "text"]
         }
       ]
     },
     "Planning Time": 0.051,
     "Triggers": [
     ],
     "Execution Time": 0.087
   }
]