[
   {
     "Plan": {
       "Node Type": "Bitmap Heap Scan",
       "Parallel Aware": false,
       "Relation Name": "test3",
       "Schema": "public",
       "Alias": "test3",
       "Startup Cost": 1155.15,
       "Total Cost": 2077.24,
       "Plan Rows": 93,
       "Plan Width": 16,
       "Actual Startup Time": 0.723,
       "Actual Total Time": 0.723,
       "Actual Rows": 0,
       "Actual Loops": 1,
       "Output": ["id", "i", "j", "h"],
       "Recheck Cond": "((test3.h > 950000000) AND (test3.h < 10000000) AND (test3.i < 50000000))",
       "Rows Removed by Index Recheck": 0,
       "Filter": "(test3.j < 50000000)",
       "Rows Removed by Filter": 0,
       "Exact Heap Blocks": 0,
       "Lossy Heap Blocks": 0,
       "Plans": [
         {
           "Node Type": "BitmapAnd",
           "Parent Relationship": "Outer",
           "Parallel Aware": false,
           "Startup Cost": 1155.15,
           "Total Cost": 1155.15,
           "Plan Rows": 279,
           "Plan Width": 0,
           "Actual Startup Time": 0.721,
           "Actual Total Time": 0.721,
           "Actual Rows": 0,
           "Actual Loops": 1,
           "Plans": [
             {
               "Node Type": "Bitmap Index Scan",
               "Parent Relationship": "Member",
               "Parallel Aware": false,
               "Index Name": "test3_h_idx",
               "Startup Cost": 0.00,
               "Total Cost": 119.43,
               "Plan Rows": 5500,
               "Plan Width": 0,
               "Actual Startup Time": 0.720,
               "Actual Total Time": 0.720,
               "Actual Rows": 0,
               "Actual Loops": 1,
               "Index Cond": "((test3.h > 950000000) AND (test3.h < 10000000))"
             },
             {
               "Node Type": "Bitmap Index Scan",
               "Parent Relationship": "Member",
               "Parallel Aware": false,
               "Index Name": "test3_i_idx",
               "Startup Cost": 0.00,
               "Total Cost": 1035.43,
               "Plan Rows": 55867,
               "Plan Width": 0,
               "Actual Startup Time": 0.000,
               "Actual Total Time": 0.000,
               "Actual Rows": 0,
               "Actual Loops": 0,
               "Index Cond": "(test3.i < 50000000)"
             }
           ]
         }
       ]
     },
     "Planning Time": 0.762,
     "Triggers": [
     ],
     "Execution Time": 0.890
   }
]