[
   {
     "Plan": {
       "Node Type": "ModifyTable",
       "Operation": "Delete",
       "Parallel Aware": false,
       "Relation Name": "test",
       "Schema": "public",
       "Alias": "test",
       "Startup Cost": 0.00,
       "Total Cost": 21.25,
       "Plan Rows": 300,
       "Plan Width": 6,
       "Actual Startup Time": 0.244,
       "Actual Total Time": 0.244,
       "Actual Rows": 0,
       "Actual Loops": 1,
       "Plans": [
         {
           "Node Type": "Seq Scan",
           "Parent Relationship": "Member",+
           "Parallel Aware": false,
           "Relation Name": "test",
           "Schema": "public",
           "Alias": "test",
           "Startup Cost": 0.00,
           "Total Cost": 21.25,
           "Plan Rows": 300,
           "Plan Width": 6,
           "Actual Startup Time": 0.094,
           "Actual Total Time": 0.097,
           "Actual Rows": 2,
           "Actual Loops": 1,
           "Output": ["ctid"],
           "Filter": "(test.id > 4)",
           "Rows Removed by Filter": 4
         }
       ]
     },
     "Planning Time": 0.187,
     "Triggers": [
     ],
     "Execution Time": 0.293
   }
]