[
   {
     "Plan": {
       "Node Type": "Aggregate",
       "Strategy": "Sorted",
       "Partial Mode": "Simple",
       "Parallel Aware": false,
       "Startup Cost": 0.43,
       "Total Cost": 62025.43,
       "Plan Rows": 1100000,
       "Plan Width": 12,
       "Actual Startup Time": 4.359,
       "Actual Total Time": 1302.762,
       "Actual Rows": 1100001,
       "Actual Loops": 1,
       "Output": ["test3.id", "count(*)"],
       "Group Key": ["test3.id"],
       "Plans": [
         {
           "Node Type": "Index Only Scan",
           "Parent Relationship": "Outer",
           "Parallel Aware": false,
           "Scan Direction": "Forward",
           "Index Name": "test3_pkey",
           "Relation Name": "test3",
           "Schema": "public",
           "Alias": "test3",
           "Startup Cost": 0.43,
           "Total Cost": 34525.43,
           "Plan Rows": 1100000,
           "Plan Width": 4,
           "Actual Startup Time": 4.335,
           "Actual Total Time": 858.315,
           "Actual Rows": 1100001,
           "Actual Loops": 1,
           "Output": ["test3.id"],
           "Heap Fetches": 1100001
         }
       ]
     },
     "Planning Time": 4.574,
     "Triggers": [
     ],
     "Execution Time": 1368.446
   }
]