[
   {
     "Plan": {
       "Node Type": "SetOp",
       "Strategy": "Hashed",
       "Parallel Aware": false,
       "Command": "Intersect All",
       "Startup Cost": 0.43,
       "Total Cost": 245079.08,
       "Plan Rows": 1100001,
       "Plan Width": 8,
       "Actual Startup Time": 4669.235,
       "Actual Total Time": 4669.241,
       "Actual Rows": 2,
       "Actual Loops": 1,
       "Output": ["\"*SELECT* 2\".j", "(0)"],
       "Plans": [
         {
           "Node Type": "Append",
           "Parent Relationship": "Outer",
           "Parallel Aware": false,
           "Startup Cost": 0.43,
           "Total Cost": 239579.07,
           "Plan Rows": 2200002,
           "Plan Width": 8,
           "Actual Startup Time": 3373.367,
           "Actual Total Time": 4512.686,
           "Actual Rows": 1101213,
           "Actual Loops": 1,
           "Plans": [
             {
               "Node Type": "Result",
               "Parent Relationship": "Member",
               "Parallel Aware": false,
               "Startup Cost": 0.43,
               "Total Cost": 165218.61,
               "Plan Rows": 1100001,
               "Plan Width": 8,
               "Actual Startup Time": 3373.366,
               "Actual Total Time": 3459.819,
               "Actual Rows": 1212,
               "Actual Loops": 1,
               "Output": ["\"*SELECT* 2\".j", "0"],
               "Plans": [
                 {
                   "Node Type": "SetOp",
                   "Strategy": "Hashed",
                   "Parent Relationship": "Outer",
                   "Parallel Aware": false,
                   "Command": "Intersect All",
                   "Startup Cost": 0.43,
                   "Total Cost": 154218.60,
                   "Plan Rows": 1100001,
                   "Plan Width": 8,
                   "Actual Startup Time": 3373.365,
                   "Actual Total Time": 3459.502,
                   "Actual Rows": 1212,
                   "Actual Loops": 1,
                   "Output": ["\"*SELECT* 2\".j", "(1)"],
                   "Plans": [
                     {
                       "Node Type": "Append",
                       "Parent Relationship": "Outer",
                       "Parallel Aware": false,
                       "Startup Cost": 0.43,
                       "Total Cost": 148718.60,
                       "Plan Rows": 2200002,
                       "Plan Width": 8,
                       "Actual Startup Time": 1.258,
                       "Actual Total Time": 2308.552,
                       "Actual Rows": 2200002,
                       "Actual Loops": 1,
                       "Plans": [
                         {
                           "Node Type": "Subquery Scan",
                           "Parent Relationship": "Member",
                           "Parallel Aware": false,
                           "Alias": "*SELECT* 2",
                           "Startup Cost": 0.43,
                           "Total Cost": 74360.46,
                           "Plan Rows": 1100001,
                           "Plan Width": 8,
                           "Actual Startup Time": 1.257,
                           "Actual Total Time": 1069.377,
                           "Actual Rows": 1100001,
                           "Actual Loops": 1,
                           "Output": ["\"*SELECT* 2\".j", "1"],
                           "Plans": [
                             {
                               "Node Type": "Index Only Scan",
                               "Parent Relationship": "Subquery",
                               "Parallel Aware": false,
                               "Scan Direction": "Forward",
                               "Index Name": "test3_j_idx",
                               "Relation Name": "test3",
                               "Schema": "public",
                               "Alias": "test3",
                               "Startup Cost": 0.43,
                               "Total Cost": 52360.44,
                               "Plan Rows": 1100001,
                               "Plan Width": 4,
                               "Actual Startup Time": 1.253,
                               "Actual Total Time": 885.237,
                               "Actual Rows": 1100001,
                               "Actual Loops": 1,
                               "Output": ["test3.j"],
                               "Heap Fetches": 1100001
                             }
                           ]
                         },
                         {
                           "Node Type": "Subquery Scan",
                           "Parent Relationship": "Member",
                           "Parallel Aware": false,
                           "Alias": "*SELECT* 1",
                           "Startup Cost": 0.43,
                           "Total Cost": 74358.13,
                           "Plan Rows": 1100001,
                           "Plan Width": 8,
                           "Actual Startup Time": 1.052,
                           "Actual Total Time": 971.787,
                           "Actual Rows": 1100001,
                           "Actual Loops": 1,
                           "Output": ["\"*SELECT* 1\".i", "0"],
                           "Plans": [
                             {
                               "Node Type": "Index Only Scan",
                               "Parent Relationship": "Subquery",
                               "Parallel Aware": false,
                               "Scan Direction": "Forward",
                               "Index Name": "test3_i_idx",
                               "Relation Name": "test3",
                               "Schema": "public",
                               "Alias": "test3_1",
                               "Startup Cost": 0.43,
                               "Total Cost": 52358.11,
                               "Plan Rows": 1100001,
                               "Plan Width": 4,
                               "Actual Startup Time": 1.051,
                               "Actual Total Time": 793.556,
                               "Actual Rows": 1100001,
                               "Actual Loops": 1,
                               "Output": ["test3_1.i"],
                               "Heap Fetches": 1100001
                             }
                           ]
                         }
                       ]
                     }
                   ]
                 }
               ]
             },
             {
               "Node Type": "Subquery Scan",
               "Parent Relationship": "Member",
               "Parallel Aware": false,
               "Alias": "*SELECT* 3",
               "Startup Cost": 0.43,
               "Total Cost": 74360.46,
               "Plan Rows": 1100001,
               "Plan Width": 8,
               "Actual Startup Time": 0.957,
               "Actual Total Time": 925.926,
               "Actual Rows": 1100001,
               "Actual Loops": 1,
               "Output": ["\"*SELECT* 3\".h", "1"],
               "Plans": [
                 {
                   "Node Type": "Index Only Scan",
                   "Parent Relationship": "Subquery",
                   "Parallel Aware": false,
                   "Scan Direction": "Forward",
                   "Index Name": "test3_h_idx",
                   "Relation Name": "test3",
                   "Schema": "public",
                   "Alias": "test3_2",
                   "Startup Cost": 0.43,
                   "Total Cost": 52360.44,
                   "Plan Rows": 1100001,
                   "Plan Width": 4,
                   "Actual Startup Time": 0.955,
                   "Actual Total Time": 749.562,
                   "Actual Rows": 1100001,
                   "Actual Loops": 1,
                   "Output": ["test3_2.h"],
                   "Heap Fetches": 1100001
                 }
               ]
             }
           ]
         }
       ]
     },
     "Planning Time": 0.683,
     "Triggers": [
     ],
     "Execution Time": 4682.154
   }
]