[
   {
     "Plan": {
       "Node Type": "ModifyTable",
       "Operation": "Insert",
       "Parallel Aware": false,
       "Relation Name": "test3",
       "Schema": "public",
       "Alias": "test3",
       "Startup Cost": 8.45,
       "Total Cost": 8.48,
       "Plan Rows": 1,
       "Plan Width": 16,
       "Actual Startup Time": 21.878,
       "Actual Total Time": 21.878,
       "Actual Rows": 0,
       "Actual Loops": 1,
       "Plans": [
         {
           "Node Type": "Subquery Scan",
           "Parent Relationship": "Member",
           "Parallel Aware": false,
           "Alias": "*SELECT*",
           "Startup Cost": 8.45,
           "Total Cost": 8.48,
           "Plan Rows": 1,
           "Plan Width": 16,
           "Actual Startup Time": 7.399,
           "Actual Total Time": 7.401,
           "Actual Rows": 1,
           "Actual Loops": 1,
           "Output": ["nextval('test3_id_seq'::regclass)", "\"*SELECT*\".\"?column?\"", "(random() * '1000000000'::double precision)", "(random() * '1000000000'::double precision)"],
           "Plans": [
             {
               "Node Type": "Result",
               "Parent Relationship": "Subquery",
               "Parallel Aware": false,
               "Startup Cost": 8.45,
               "Total Cost": 8.46,
               "Plan Rows": 1,
               "Plan Width": 4,
               "Actual Startup Time": 3.471,
               "Actual Total Time": 3.472,
               "Actual Rows": 1,
               "Actual Loops": 1,
               "Output": ["1"],
               "One-Time Filter": "(NOT $0)",
               "Plans": [
                 {
                   "Node Type": "Index Only Scan",
                   "Parent Relationship": "InitPlan",
                   "Subplan Name": "InitPlan 1 (returns $0)",
                   "Parallel Aware": false,
                   "Scan Direction": "Forward",
                   "Index Name": "test3_i_idx",
                   "Relation Name": "test3",
                   "Schema": "public",
                   "Alias": "test3_1",
                   "Startup Cost": 0.43,
                   "Total Cost": 8.45,
                   "Plan Rows": 1,
                   "Plan Width": 0,
                   "Actual Startup Time": 3.465,
                   "Actual Total Time": 3.465,
                   "Actual Rows": 0,
                   "Actual Loops": 1,
                   "Index Cond": "(test3_1.i = 1)",
                   "Rows Removed by Index Recheck": 0,
                   "Heap Fetches": 0
                 }
               ]
             }
           ]
         }
       ]
     },
     "Planning Time": 10.803,
     "Triggers": [
     ],
     "Execution Time": 25.059
   }
]