[
   {
     "Plan": {
       "Node Type": "LockRows",
       "Parallel Aware": false,
       "Startup Cost": 0.00,
       "Total Cost": 27946.02,
       "Plan Rows": 1100001,
       "Plan Width": 22,
       "Actual Startup Time": 1.652,
       "Actual Total Time": 2562.230,
       "Actual Rows": 1100001,
       "Actual Loops": 1,
       "Output": ["id", "i", "j", "h", "ctid"],
       "Plans": [
         {
           "Node Type": "Seq Scan",
           "Parent Relationship": "Outer",
           "Parallel Aware": false,
           "Relation Name": "test3",
           "Schema": "public",
           "Alias": "test3",
           "Startup Cost": 0.00,
           "Total Cost": 16946.01,
           "Plan Rows": 1100001,
           "Plan Width": 22,
           "Actual Startup Time": 0.117,
           "Actual Total Time": 333.775,
           "Actual Rows": 1100001,
           "Actual Loops": 1,
           "Output": ["id", "i", "j", "h", "ctid"]
         }
       ]
     },
     "Planning Time": 0.632,
     "Triggers": [
     ],
     "Execution Time": 2652.504
   }
]