[
   {
     "Plan": {
       "Node Type": "Merge Join",
       "Parallel Aware": false,
       "Join Type": "Inner",
       "Startup Cost": 126.32,
       "Total Cost": 211.82,
       "Plan Rows": 4050,
       "Plan Width": 124,
       "Actual Startup Time": 0.543,
       "Actual Total Time": 0.547,
       "Actual Rows": 3,
       "Actual Loops": 1,
       "Output": ["test.id", "test.name", "test2.id", "test2.text"],
       "Merge Cond": "(test.id = test2.id)",
       "Plans": [
         {
           "Node Type": "Sort",
           "Parent Relationship": "Outer",
           "Parallel Aware": false,
           "Startup Cost": 63.16,
           "Total Cost": 65.41,
           "Plan Rows": 900,
           "Plan Width": 62,
           "Actual Startup Time": 0.441,
           "Actual Total Time": 0.441,
           "Actual Rows": 4,
           "Actual Loops": 1,
           "Output": ["test.id", "test.name"],
           "Sort Key": ["test.id"],
           "Sort Method": "quicksort",
           "Sort Space Used": 25,
           "Sort Space Type": "Memory",
           "Plans": [
             {
               "Node Type": "Seq Scan",
               "Parent Relationship": "Outer",
               "Parallel Aware": false,
               "Relation Name": "test",
               "Schema": "public",
               "Alias": "test",
               "Startup Cost": 0.00,
               "Total Cost": 19.00,
               "Plan Rows": 900,
               "Plan Width": 62,
               "Actual Startup Time": 0.033,
               "Actual Total Time": 0.038,
               "Actual Rows": 4,
               "Actual Loops": 1,
               "Output": ["test.id", "test.name"]
             }
           ]
         },
         {
           "Node Type": "Materialize",
           "Parent Relationship": "Inner",
           "Parallel Aware": false,
           "Startup Cost": 63.16,
           "Total Cost": 76.66,
           "Plan Rows": 900,
           "Plan Width": 62,
           "Actual Startup Time": 0.096,
           "Actual Total Time": 0.096,
           "Actual Rows": 3,
           "Actual Loops": 1,
           "Output": ["test2.id", "test2.text"],
           "Plans": [
             {
               "Node Type": "Sort",
               "Parent Relationship": "Outer",
               "Parallel Aware": false,
               "Startup Cost": 63.16,
               "Total Cost": 65.41,
               "Plan Rows": 900,
               "Plan Width": 62,
               "Actual Startup Time": 0.083,
               "Actual Total Time": 0.083,
               "Actual Rows": 3,
               "Actual Loops": 1,
               "Output": ["test2.id", "test2.text"],
               "Sort Key": ["test2.id"],
               "Sort Method": "quicksort",
               "Sort Space Used": 25,
               "Sort Space Type": "Memory",
               "Plans": [
                 {
                   "Node Type": "Seq Scan",
                   "Parent Relationship": "Outer",
                   "Parallel Aware": false,
                   "Relation Name": "test2",
                   "Schema": "public",
                   "Alias": "test2",
                   "Startup Cost": 0.00,
                   "Total Cost": 19.00,
                   "Plan Rows": 900,
                   "Plan Width": 62,
                   "Actual Startup Time": 0.041,
                   "Actual Total Time": 0.042,
                   "Actual Rows": 3,
                   "Actual Loops": 1,
                   "Output": ["test2.id", "test2.text"]
                 }
               ]
             }
           ]
         }
       ]
     },
     "Planning Time": 0.850,
     "Triggers": [
     ],
     "Execution Time": 1.182
   }
]