[
   {
     "Plan": {
       "Node Type": "Nested Loop",
       "Parallel Aware": false,
       "Join Type": "Inner",
       "Startup Cost": 0.00,
       "Total Cost": 161.77,
       "Plan Rows": 40,
       "Plan Width": 62,
       "Actual Startup Time": 0.056,
       "Actual Total Time": 0.060,
       "Actual Rows": 2,
       "Actual Loops": 1,
       "Output": ["a.id", "a.name"],
       "Join Filter": "(c.id = a.id)",
       "Rows Removed by Join Filter": 6,
       "Plans": [
         {
           "Node Type": "Seq Scan",
           "Parent Relationship": "Outer",
           "Parallel Aware": false,
           "Relation Name": "test",
           "Schema": "public",
           "Alias": "a",
           "Startup Cost": 0.00,
           "Total Cost": 19.00,
           "Plan Rows": 900,
           "Plan Width": 62,
           "Actual Startup Time": 0.012,
           "Actual Total Time": 0.012,
           "Actual Rows": 4,
           "Actual Loops": 1,
           "Output": ["a.id", "a.name"]
         },
         {
           "Node Type": "Materialize",
           "Parent Relationship": "Inner",
           "Parallel Aware": false,
           "Startup Cost": 0.00,
           "Total Cost": 21.30,
           "Plan Rows": 9,
           "Plan Width": 4,
           "Actual Startup Time": 0.008,
           "Actual Total Time": 0.009,
           "Actual Rows": 2,
           "Actual Loops": 4,
           "Output": ["c.id"],
           "Plans": [
             {
               "Node Type": "Seq Scan",
               "Parent Relationship": "Outer",
               "Parallel Aware": false,
               "Relation Name": "test2",
               "Schema": "public",
               "Alias": "c",
               "Startup Cost": 0.00,
               "Total Cost": 21.25,
               "Plan Rows": 9,
               "Plan Width": 4,
               "Actual Startup Time": 0.012,
               "Actual Total Time": 0.014,
               "Actual Rows": 2,
               "Actual Loops": 1,
               "Output": ["c.id"],
               "Filter": "((c.text)::text = ANY ('{test_2,test_3}'::text[]))",
               "Rows Removed by Filter": 1
             }
           ]
         }
       ]
     },
     "Planning Time": 0.239,
     "Triggers": [
     ],
     "Execution Time": 0.134
   }
]