[
   {
     "Plan": {
       "Node Type": "CTE Scan",
       "Parallel Aware": false,
       "CTE Name": "resultset",
       "Alias": "resultset",
       "Startup Cost": 857.96,
       "Total Cost": 859.98,
       "Plan Rows": 101,
       "Plan Width": 8,
       "Actual Startup Time": 0.040,
       "Actual Total Time": 0.060,
       "Actual Rows": 1,
       "Actual Loops": 1,
       "Output": ["resultset.id", "resultset.i"],
       "Plans": [
         {
           "Node Type": "Recursive Union",
           "Parent Relationship": "InitPlan",
           "Subplan Name": "CTE resultset",
           "Parallel Aware": false,
           "Startup Cost": 0.43,
           "Total Cost": 857.96,
           "Plan Rows": 101,
           "Plan Width": 8,
           "Actual Startup Time": 0.036,
           "Actual Total Time": 0.055,
           "Actual Rows": 1,
           "Actual Loops": 1,
           "Plans": [
             {
               "Node Type": "Index Scan",
               "Parent Relationship": "Outer",
               "Parallel Aware": false,
               "Scan Direction": "Forward",
               "Index Name": "test3_id_idx",
               "Relation Name": "test3",
               "Schema": "public",
               "Alias": "test3",
               "Startup Cost": 0.43,
               "Total Cost": 8.45,
               "Plan Rows": 1,
               "Plan Width": 8,
               "Actual Startup Time": 0.030,
               "Actual Total Time": 0.031,
               "Actual Rows": 1,
               "Actual Loops": 1,
               "Output": ["test3.id", "test3.i"],
               "Index Cond": "(test3.id = 4)",
               "Rows Removed by Index Recheck": 0
             },
             {
               "Node Type": "Nested Loop",
               "Parent Relationship": "Inner",
               "Parallel Aware": false,
               "Join Type": "Inner",
               "Startup Cost": 0.43,
               "Total Cost": 84.75,
               "Plan Rows": 10,
               "Plan Width": 8,
               "Actual Startup Time": 0.014,
               "Actual Total Time": 0.016,
               "Actual Rows": 1,
               "Actual Loops": 1,
               "Output": ["t.id", "t.i"],
               "Plans": [
                 {
                   "Node Type": "WorkTable Scan",
                   "Parent Relationship": "Outer",
                   "Parallel Aware": false,
                   "CTE Name": "resultset",
                   "Alias": "s",
                   "Startup Cost": 0.00,
                   "Total Cost": 0.20,
                   "Plan Rows": 10,
                   "Plan Width": 4,
                   "Actual Startup Time": 0.001,
                   "Actual Total Time": 0.001,
                   "Actual Rows": 1,
                   "Actual Loops": 1,
                   "Output": ["s.id", "s.i"]
                 },
                 {
                   "Node Type": "Index Scan",
                   "Parent Relationship": "Inner",
                   "Parallel Aware": false,
                   "Scan Direction": "Forward",
                   "Index Name": "test3_id_idx",
                   "Relation Name": "test3",
                   "Schema": "public",
                   "Alias": "t",
                   "Startup Cost": 0.43,
                   "Total Cost": 8.45,
                   "Plan Rows": 1,
                   "Plan Width": 8,
                   "Actual Startup Time": 0.007,
                   "Actual Total Time": 0.008,
                   "Actual Rows": 1,
                   "Actual Loops": 1,
                   "Output": ["t.id", "t.i", "t.j", "t.h"],
                   "Index Cond": "(t.id = s.id)",
                   "Rows Removed by Index Recheck": 0
                 }
               ]
             }
           ]
         }
       ]
     },
     "Planning Time": 0.584,
     "Triggers": [
     ],
     "Execution Time": 4.612
   }
]