[
   {
     "Plan": {
       "Node Type": "SetOp",
       "Strategy": "Sorted",
       "Parallel Aware": false,
       "Command": "Intersect All",
       "Startup Cost": 404968.65,
       "Total Cost": 415968.65,
       "Plan Rows": 1100000,
       "Plan Width": 8,
       "Actual Startup Time": 2883.359,
       "Actual Total Time": 3775.935,
       "Actual Rows": 1100001,
       "Actual Loops": 1,
       "Output": ["\"*SELECT* 1\".id", "(0)"],
       "Plans": [
         {
           "Node Type": "Sort",
           "Parent Relationship": "Outer",
           "Parallel Aware": false,
           "Startup Cost": 404968.65,
           "Total Cost": 410468.65,
           "Plan Rows": 2200000,
           "Plan Width": 8,
           "Actual Startup Time": 2883.353,
           "Actual Total Time": 3411.830,
           "Actual Rows": 2200002,
           "Actual Loops": 1,
           "Output": ["\"*SELECT* 1\".id", "(0)"],
           "Sort Key": ["\"*SELECT* 1\".id"],
           "Sort Method": "external merge",
           "Sort Space Used": 38704,
           "Sort Space Type": "Disk",
           "Plans": [
             {
               "Node Type": "Append",
               "Parent Relationship": "Outer",
               "Parallel Aware": false,
               "Startup Cost": 0.43,
               "Total Cost": 113050.85,
               "Plan Rows": 2200000,
               "Plan Width": 8,
               "Actual Startup Time": 0.396,
               "Actual Total Time": 1501.475,
               "Actual Rows": 2200002,
               "Actual Loops": 1,
               "Plans": [
                 {
                   "Node Type": "Subquery Scan",
                   "Parent Relationship": "Member",
                   "Parallel Aware": false,
                   "Alias": "*SELECT* 1",
                   "Startup Cost": 0.43,
                   "Total Cost": 56525.43,
                   "Plan Rows": 1100000,
                   "Plan Width": 8,
                   "Actual Startup Time": 0.396,
                   "Actual Total Time": 840.179,
                   "Actual Rows": 1100001,
                   "Actual Loops": 1,
                   "Output": ["\"*SELECT* 1\".id", "0"],
                   "Plans": [
                     {
                       "Node Type": "Index Only Scan",
                       "Parent Relationship": "Subquery",
                       "Parallel Aware": false,
                       "Scan Direction": "Forward",
                       "Index Name": "test3_pkey",
                       "Relation Name": "test3",
                       "Schema": "public",
                       "Alias": "test3",
                       "Startup Cost": 0.43,
                       "Total Cost": 34525.43,
                       "Plan Rows": 1100000,
                       "Plan Width": 4,
                       "Actual Startup Time": 0.394,
                       "Actual Total Time": 667.063,
                       "Actual Rows": 1100001,
                       "Actual Loops": 1,
                       "Output": ["test3.id"],
                       "Heap Fetches": 1100001
                     }
                   ]
                 },
                 {
                   "Node Type": "Subquery Scan",
                   "Parent Relationship": "Member",
                   "Parallel Aware": false,
                   "Alias": "*SELECT* 2",
                   "Startup Cost": 0.43,
                   "Total Cost": 56525.43,
                   "Plan Rows": 1100000,
                   "Plan Width": 8,
                   "Actual Startup Time": 0.017,
                   "Actual Total Time": 411.318,
                   "Actual Rows": 1100001,
                   "Actual Loops": 1,
                   "Output": ["\"*SELECT* 2\".id", "1"],
                   "Plans": [
                     {
                       "Node Type": "Index Only Scan",
                       "Parent Relationship": "Subquery",
                       "Parallel Aware": false,
                       "Scan Direction": "Forward",
                       "Index Name": "test3_pkey",
                       "Relation Name": "test3",
                       "Schema": "public",
                       "Alias": "test3_1",
                       "Startup Cost": 0.43,
                       "Total Cost": 34525.43,
                       "Plan Rows": 1100000,
                       "Plan Width": 4,
                       "Actual Startup Time": 0.017,
                       "Actual Total Time": 250.626,
                       "Actual Rows": 1100001,
                       "Actual Loops": 1,
                       "Output": ["test3_1.id"],
                       "Heap Fetches": 1100001
                     }
                   ]
                 }
               ]
             }
           ]
         }
       ]
     },
     "Planning Time": 2.818,
     "Triggers": [
     ],
     "Execution Time": 3922.553
   }
]