[
   {
     "Plan": {
       "Node Type": "Seq Scan",
       "Parallel Aware": false,
       "Relation Name": "test4",
       "Schema": "public",
       "Alias": "c",
       "Startup Cost": 0.00,
       "Total Cost": 170.35,
       "Plan Rows": 20,
       "Plan Width": 16,
       "Actual Startup Time": 0.056,
       "Actual Total Time": 0.173,
       "Actual Rows": 20,
       "Actual Loops": 1,
       "Output": ["c.id", "c.team", "(SubPlan 1)"],
       "Plans": [
         {
           "Node Type": "Aggregate",
           "Strategy": "Plain",
           "Partial Mode": "Simple",
           "Parent Relationship": "SubPlan",
           "Subplan Name": "SubPlan 1",
           "Parallel Aware": false,
           "Startup Cost": 8.45,
           "Total Cost": 8.46,
           "Plan Rows": 1,
           "Plan Width": 8,
           "Actual Startup Time": 0.006,
           "Actual Total Time": 0.007,
           "Actual Rows": 1,
           "Actual Loops": 20,
           "Output": ["count(*)"],
           "Plans": [
             {
               "Node Type": "Index Only Scan",
               "Parent Relationship": "Outer",
               "Parallel Aware": false,
               "Scan Direction": "Forward",
               "Index Name": "test3_id_idx",
               "Relation Name": "test3",
               "Schema": "public",
               "Alias": "x",
               "Startup Cost": 0.43,
               "Total Cost": 8.45,
               "Plan Rows": 1,
               "Plan Width": 0,
               "Actual Startup Time": 0.004,
               "Actual Total Time": 0.004,
               "Actual Rows": 1,
               "Actual Loops": 20,
               "Output": ["x.id"],
               "Index Cond": "(x.id = c.id)",
               "Rows Removed by Index Recheck": 0,
               "Heap Fetches": 20
             }
           ]
         }
       ]
     },
     "Planning Time": 0.304,
     "Triggers": [
     ],
     "Execution Time": 0.392
   }
]