[
   {
     "Plan": {
       "Node Type": "ModifyTable",
       "Operation": "Delete",
       "Parallel Aware": false,
       "Relation Name": "test3",
       "Schema": "public",
       "Alias": "test3",
       "Startup Cost": 0.00,
       "Total Cost": 4.01,
       "Plan Rows": 1,
       "Plan Width": 6,
       "Actual Startup Time": 0.010,
       "Actual Total Time": 0.010,
       "Actual Rows": 0,
       "Actual Loops": 1,
       "Plans": [
         {
           "Node Type": "Tid Scan",
           "Parent Relationship": "Member",
           "Parallel Aware": false,
           "Relation Name": "test3",
           "Schema": "public",
           "Alias": "test3",
           "Startup Cost": 0.00,
           "Total Cost": 4.01,
           "Plan Rows": 1,
           "Plan Width": 6,
           "Actual Startup Time": 0.010,
           "Actual Total Time": 0.010,
           "Actual Rows": 0,
           "Actual Loops": 1,
           "Output": ["ctid"],
           "TID Cond": "(test3.ctid = '(0,1)'::tid)"
         }
       ]
     },
     "Planning Time": 0.095,
     "Triggers": [
     ],
     "Execution Time": 0.027
   }
]