[
   {
     "Plan": {
       "Node Type": "Unique",
       "Parallel Aware": false,
       "Startup Cost": 63.16,
       "Total Cost": 76.66,
       "Plan Rows": 200,
       "Plan Width": 58,
       "Actual Startup Time": 5.710,
       "Actual Total Time": 6.217,
       "Actual Rows": 4,
       "Actual Loops": 1,
       "Output": ["x.name"],
       "Plans": [
         {
           "Node Type": "Subquery Scan",
           "Parent Relationship": "Outer",
           "Parallel Aware": false,
           "Alias": "x",
           "Startup Cost": 63.16,
           "Total Cost": 74.41,
           "Plan Rows": 900,
           "Plan Width": 58,
           "Actual Startup Time": 5.707,
           "Actual Total Time": 5.715,
           "Actual Rows": 4,
           "Actual Loops": 1,
           "Output": ["x.name"],
           "Plans": [
             {
               "Node Type": "Sort",
               "Parent Relationship": "Subquery",
               "Parallel Aware": false,
               "Startup Cost": 63.16,
               "Total Cost": 65.41,
               "Plan Rows": 900,
               "Plan Width": 62,
               "Actual Startup Time": 5.705,
               "Actual Total Time": 5.707,
               "Actual Rows": 4,
               "Actual Loops": 1,
               "Output": ["NULL::integer", "test.name"],
               "Sort Key": ["test.name"],
               "Sort Method": "quicksort",
               "Sort Space Used": 25,
               "Sort Space Type": "Memory",
               "Plans": [
                 {
                   "Node Type": "Seq Scan",
                   "Parent Relationship": "Outer",
                   "Parallel Aware": false,
                   "Relation Name": "test",
                   "Schema": "public",
                   "Alias": "test",
                   "Startup Cost": 0.00,
                   "Total Cost": 19.00,
                   "Plan Rows": 900,
                   "Plan Width": 62,
                   "Actual Startup Time": 0.057,
                   "Actual Total Time": 0.058,
                   "Actual Rows": 4,
                   "Actual Loops": 1,
                   "Output": ["NULL::integer", "test.name"]
                 }
               ]
             }
           ]
         }
       ]
     },
     "Planning Time": 29.314,
     "Triggers": [
     ],
     "Execution Time": 12.413
   }
]