[
   {
     "Plan": {
       "Node Type": "ModifyTable",
       "Operation": "Update",
       "Parallel Aware": false,
       "Relation Name": "test",
       "Schema": "public",
       "Alias": "test",
       "Startup Cost": 0.00,
       "Total Cost": 21.25,
       "Plan Rows": 300,
       "Plan Width": 68,
       "Actual Startup Time": 0.557,
       "Actual Total Time": 0.557,
       "Actual Rows": 0,
       "Actual Loops": 1,
       "Plans": [
         {
           "Node Type": "Seq Scan",
           "Parent Relationship": "Member",
           "Parallel Aware": false,
           "Relation Name": "test",
           "Schema": "public",
           "Alias": "test",
           "Startup Cost": 0.00,
           "Total Cost": 21.25,
           "Plan Rows": 300,
           "Plan Width": 68,
           "Actual Startup Time": 0.079,
           "Actual Total Time": 0.081,
           "Actual Rows": 3,
           "Actual Loops": 1,
           "Output": ["id", "'Z'::character varying(20)", "ctid"],
           "Filter": "(test.id > 3)",
           "Rows Removed by Filter": 3
         }
       ]
     },
     "Planning Time": 0.327,
     "Triggers": [
     ],
     "Execution Time": 0.589
   }
]